c:\users\aaron\desktop\university\third year\graphics programming\graphics_programming_project\lab1\debug\vc142.pdb
c:\users\aaron\desktop\university\third year\graphics programming\graphics_programming_project\lab1\debug\vc142.idb
c:\users\aaron\desktop\university\third year\graphics programming\graphics_programming_project\lab1\debug\texture.obj
c:\users\aaron\desktop\university\third year\graphics programming\graphics_programming_project\lab1\debug\skybox.obj
c:\users\aaron\desktop\university\third year\graphics programming\graphics_programming_project\lab1\debug\shader.obj
c:\users\aaron\desktop\university\third year\graphics programming\graphics_programming_project\lab1\debug\obj_loader.obj
c:\users\aaron\desktop\university\third year\graphics programming\graphics_programming_project\lab1\debug\mesh.obj
c:\users\aaron\desktop\university\third year\graphics programming\graphics_programming_project\lab1\debug\maingame.obj
c:\users\aaron\desktop\university\third year\graphics programming\graphics_programming_project\lab1\debug\main.obj
c:\users\aaron\desktop\university\third year\graphics programming\graphics_programming_project\lab1\debug\display.obj
c:\users\aaron\desktop\university\third year\graphics programming\graphics_programming_project\lab1\debug\audio.obj
c:\users\aaron\desktop\university\third year\graphics programming\graphics_programming_project\lab1\debug\stb_image.obj
c:\users\aaron\desktop\university\third year\graphics programming\graphics_programming_project\debug\lab1.ilk
c:\users\aaron\desktop\university\third year\graphics programming\graphics_programming_project\debug\lab1.exe
c:\users\aaron\desktop\university\third year\graphics programming\graphics_programming_project\debug\lab1.pdb
c:\users\aaron\desktop\university\third year\graphics programming\graphics_programming_project\lab1\debug\lab1.tlog\cl.command.1.tlog
c:\users\aaron\desktop\university\third year\graphics programming\graphics_programming_project\lab1\debug\lab1.tlog\cl.read.1.tlog
c:\users\aaron\desktop\university\third year\graphics programming\graphics_programming_project\lab1\debug\lab1.tlog\cl.write.1.tlog
c:\users\aaron\desktop\university\third year\graphics programming\graphics_programming_project\lab1\debug\lab1.tlog\link.command.1.tlog
c:\users\aaron\desktop\university\third year\graphics programming\graphics_programming_project\lab1\debug\lab1.tlog\link.read.1.tlog
c:\users\aaron\desktop\university\third year\graphics programming\graphics_programming_project\lab1\debug\lab1.tlog\link.write.1.tlog
